# JRE version: OpenJDK Runtime Environment (8.0_202-b03) (build 1.8.0_202-release-1483-b03)
# Java VM: OpenJDK 64-Bit Server VM (25.202-b03 mixed mode windows-amd64 compressed oops)
Heap:
 PSYoungGen      total 100864K, used 77303K [0x00000000e0000000, 0x00000000e8780000, 0x0000000100000000)
  eden space 66048K, 100% used [0x00000000e0000000,0x00000000e4080000,0x00000000e4080000)
  from space 34816K, 32% used [0x00000000e6580000,0x00000000e707df90,0x00000000e8780000)
  to   space 36352K, 18% used [0x00000000e4080000,0x00000000e46f02c8,0x00000000e6400000)
 ParOldGen       total 145408K, used 77845K [0x00000000a0000000, 0x00000000a8e00000, 0x00000000e0000000)
  object space 145408K, 53% used [0x00000000a0000000,0x00000000a4c054f0,0x00000000a8e00000)
 Metaspace       used 90925K, capacity 93904K, committed 94808K, reserved 1132544K
  class space    used 11617K, capacity 12258K, committed 12416K, reserved 1048576K
GC Heap History (10 events):
Event: 3283.766 GC heap after
Heap after GC invocations=40 (full 3):
 PSYoungGen      total 94720K, used 21042K [0x00000000e0000000, 0x00000000e7c80000, 0x0000000100000000)
  eden space 65024K, 0% used [0x00000000e0000000,0x00000000e0000000,0x00000000e3f80000)
  from space 29696K, 70% used [0x00000000e4100000,0x00000000e558cb88,0x00000000e5e00000)
  to   space 31232K, 0% used [0x00000000e5e00000,0x00000000e5e00000,0x00000000e7c80000)
 ParOldGen       total 86016K, used 68065K [0x00000000a0000000, 0x00000000a5400000, 0x00000000e0000000)
  object space 86016K, 79% used [0x00000000a0000000,0x00000000a42785c0,0x00000000a5400000)
 Metaspace       used 84422K, capacity 87764K, committed 87896K, reserved 1126400K
  class space    used 10834K, capacity 11596K, committed 11648K, reserved 1048576K
}
Event: 3285.723 GC heap before
{Heap before GC invocations=41 (full 3):
 PSYoungGen      total 94720K, used 86066K [0x00000000e0000000, 0x00000000e7c80000, 0x0000000100000000)
  eden space 65024K, 100% used [0x00000000e0000000,0x00000000e3f80000,0x00000000e3f80000)
  from space 29696K, 70% used [0x00000000e4100000,0x00000000e558cb88,0x00000000e5e00000)
  to   space 31232K, 0% used [0x00000000e5e00000,0x00000000e5e00000,0x00000000e7c80000)
 ParOldGen       total 86016K, used 68065K [0x00000000a0000000, 0x00000000a5400000, 0x00000000e0000000)
  object space 86016K, 79% used [0x00000000a0000000,0x00000000a42785c0,0x00000000a5400000)
 Metaspace       used 85735K, capacity 89076K, committed 89304K, reserved 1126400K
  class space    used 10936K, capacity 11692K, committed 11776K, reserved 1048576K
Event: 3285.777 GC heap after
Heap after GC invocations=41 (full 3):
 PSYoungGen      total 88576K, used 31223K [0x00000000e0000000, 0x00000000e9480000, 0x0000000100000000)
  eden space 57344K, 0% used [0x00000000e0000000,0x00000000e0000000,0x00000000e3800000)
  from space 31232K, 99% used [0x00000000e5e00000,0x00000000e7c7dc30,0x00000000e7c80000)
  to   space 38912K, 0% used [0x00000000e3800000,0x00000000e3800000,0x00000000e5e00000)
 ParOldGen       total 86016K, used 75847K [0x00000000a0000000, 0x00000000a5400000, 0x00000000e0000000)
  object space 86016K, 88% used [0x00000000a0000000,0x00000000a4a11f20,0x00000000a5400000)
 Metaspace       used 85735K, capacity 89076K, committed 89304K, reserved 1126400K
  class space    used 10936K, capacity 11692K, committed 11776K, reserved 1048576K
}
Event: 3285.777 GC heap before
{Heap before GC invocations=42 (full 4):
 PSYoungGen      total 88576K, used 31223K [0x00000000e0000000, 0x00000000e9480000, 0x0000000100000000)
  eden space 57344K, 0% used [0x00000000e0000000,0x00000000e0000000,0x00000000e3800000)
  from space 31232K, 99% used [0x00000000e5e00000,0x00000000e7c7dc30,0x00000000e7c80000)
  to   space 38912K, 0% used [0x00000000e3800000,0x00000000e3800000,0x00000000e5e00000)
 ParOldGen       total 86016K, used 75847K [0x00000000a0000000, 0x00000000a5400000, 0x00000000e0000000)
  object space 86016K, 88% used [0x00000000a0000000,0x00000000a4a11f20,0x00000000a5400000)
 Metaspace       used 85735K, capacity 89076K, committed 89304K, reserved 1126400K
  class space    used 10936K, capacity 11692K, committed 11776K, reserved 1048576K
Event: 3286.355 GC heap after
Heap after GC invocations=42 (full 4):
 PSYoungGen      total 88576K, used 0K [0x00000000e0000000, 0x00000000e9480000, 0x0000000100000000)
  eden space 57344K, 0% used [0x00000000e0000000,0x00000000e0000000,0x00000000e3800000)
  from space 31232K, 0% used [0x00000000e5e00000,0x00000000e5e00000,0x00000000e7c80000)
  to   space 38912K, 0% used [0x00000000e3800000,0x00000000e3800000,0x00000000e5e00000)
 ParOldGen       total 145408K, used 71951K [0x00000000a0000000, 0x00000000a8e00000, 0x00000000e0000000)
  object space 145408K, 49% used [0x00000000a0000000,0x00000000a4643f30,0x00000000a8e00000)
 Metaspace       used 84884K, capacity 87510K, committed 89304K, reserved 1126400K
  class space    used 10772K, capacity 11363K, committed 11776K, reserved 1048576K
}
Event: 3290.101 GC heap before
{Heap before GC invocations=43 (full 4):
 PSYoungGen      total 88576K, used 57344K [0x00000000e0000000, 0x00000000e9480000, 0x0000000100000000)
  eden space 57344K, 100% used [0x00000000e0000000,0x00000000e3800000,0x00000000e3800000)
  from space 31232K, 0% used [0x00000000e5e00000,0x00000000e5e00000,0x00000000e7c80000)
  to   space 38912K, 0% used [0x00000000e3800000,0x00000000e3800000,0x00000000e5e00000)
 ParOldGen       total 145408K, used 71951K [0x00000000a0000000, 0x00000000a8e00000, 0x00000000e0000000)
  object space 145408K, 49% used [0x00000000a0000000,0x00000000a4643f30,0x00000000a8e00000)
 Metaspace       used 85880K, capacity 88520K, committed 90072K, reserved 1128448K
  class space    used 10836K, capacity 11436K, committed 11776K, reserved 1048576K
Event: 3290.129 GC heap after
Heap after GC invocations=43 (full 4):
 PSYoungGen      total 96256K, used 7511K [0x00000000e0000000, 0x00000000e8a80000, 0x0000000100000000)
  eden space 57344K, 0% used [0x00000000e0000000,0x00000000e0000000,0x00000000e3800000)
  from space 38912K, 19% used [0x00000000e3800000,0x00000000e3f55f28,0x00000000e5e00000)
  to   space 37888K, 0% used [0x00000000e6580000,0x00000000e6580000,0x00000000e8a80000)
 ParOldGen       total 145408K, used 71959K [0x00000000a0000000, 0x00000000a8e00000, 0x00000000e0000000)
  object space 145408K, 49% used [0x00000000a0000000,0x00000000a4645f30,0x00000000a8e00000)
 Metaspace       used 85880K, capacity 88520K, committed 90072K, reserved 1128448K
  class space    used 10836K, capacity 11436K, committed 11776K, reserved 1048576K
}
Event: 3295.626 GC heap before
{Heap before GC invocations=44 (full 4):
 PSYoungGen      total 96256K, used 64855K [0x00000000e0000000, 0x00000000e8a80000, 0x0000000100000000)
  eden space 57344K, 100% used [0x00000000e0000000,0x00000000e3800000,0x00000000e3800000)
  from space 38912K, 19% used [0x00000000e3800000,0x00000000e3f55f28,0x00000000e5e00000)
  to   space 37888K, 0% used [0x00000000e6580000,0x00000000e6580000,0x00000000e8a80000)
 ParOldGen       total 145408K, used 71959K [0x00000000a0000000, 0x00000000a8e00000, 0x00000000e0000000)
  object space 145408K, 49% used [0x00000000a0000000,0x00000000a4645f30,0x00000000a8e00000)
 Metaspace       used 87162K, capacity 90050K, committed 91224K, reserved 1128448K
  class space    used 11014K, capacity 11665K, committed 11904K, reserved 1048576K
Event: 3295.653 GC heap after
Heap after GC invocations=44 (full 4):
 PSYoungGen      total 100864K, used 11255K [0x00000000e0000000, 0x00000000e8780000, 0x0000000100000000)
  eden space 66048K, 0% used [0x00000000e0000000,0x00000000e0000000,0x00000000e4080000)
  from space 34816K, 32% used [0x00000000e6580000,0x00000000e707df90,0x00000000e8780000)
  to   space 36352K, 0% used [0x00000000e4080000,0x00000000e4080000,0x00000000e6400000)
 ParOldGen       total 145408K, used 71967K [0x00000000a0000000, 0x00000000a8e00000, 0x00000000e0000000)
  object space 145408K, 49% used [0x00000000a0000000,0x00000000a4647f30,0x00000000a8e00000)
 Metaspace       used 87162K, capacity 90050K, committed 91224K, reserved 1128448K
  class space    used 11014K, capacity 11665K, committed 11904K, reserved 1048576K
}
Event: 3299.147 GC heap before
{Heap before GC invocations=45 (full 4):
 PSYoungGen      total 100864K, used 77303K [0x00000000e0000000, 0x00000000e8780000, 0x0000000100000000)
  eden space 66048K, 100% used [0x00000000e0000000,0x00000000e4080000,0x00000000e4080000)
  from space 34816K, 32% used [0x00000000e6580000,0x00000000e707df90,0x00000000e8780000)
  to   space 36352K, 0% used [0x00000000e4080000,0x00000000e4080000,0x00000000e6400000)
 ParOldGen       total 145408K, used 71967K [0x00000000a0000000, 0x00000000a8e00000, 0x00000000e0000000)
  object space 145408K, 49% used [0x00000000a0000000,0x00000000a4647f30,0x00000000a8e00000)
 Metaspace       used 90925K, capacity 93904K, committed 94808K, reserved 1132544K
  class space    used 11617K, capacity 12258K, committed 12416K, reserved 1048576K

