# JRE version: OpenJDK Runtime Environment (8.0_202-b03) (build 1.8.0_202-release-1483-b03)
# Java VM: OpenJDK 64-Bit Server VM (25.202-b03 mixed mode windows-amd64 compressed oops)
Heap:
 PSYoungGen      total 212992K, used 31220K [0x00000000e0000000, 0x00000000f0a00000, 0x0000000100000000)
  eden space 196096K, 7% used [0x00000000e0000000,0x00000000e0ed37b0,0x00000000ebf80000)
  from space 16896K, 94% used [0x00000000ebf80000,0x00000000ecf29bb0,0x00000000ed000000)
  to   space 19456K, 0% used [0x00000000ef700000,0x00000000ef700000,0x00000000f0a00000)
 ParOldGen       total 87040K, used 34909K [0x00000000a0000000, 0x00000000a5500000, 0x00000000e0000000)
  object space 87040K, 40% used [0x00000000a0000000,0x00000000a2217488,0x00000000a5500000)
 Metaspace       used 62160K, capacity 64276K, committed 64536K, reserved 1105920K
  class space    used 8416K, capacity 8909K, committed 9000K, reserved 1048576K
GC Heap History (10 events):
Event: 23.799 GC heap before
{Heap before GC invocations=12 (full 2):
 PSYoungGen      total 161792K, used 5778K [0x00000000e0000000, 0x00000000ec880000, 0x0000000100000000)
  eden space 148992K, 0% used [0x00000000e0000000,0x00000000e0000000,0x00000000e9180000)
  from space 12800K, 45% used [0x00000000e9d80000,0x00000000ea324b08,0x00000000eaa00000)
  to   space 12288K, 0% used [0x00000000e9180000,0x00000000e9180000,0x00000000e9d80000)
 ParOldGen       total 36352K, used 16428K [0x00000000a0000000, 0x00000000a2380000, 0x00000000e0000000)
  object space 36352K, 45% used [0x00000000a0000000,0x00000000a100b268,0x00000000a2380000)
 Metaspace       used 34752K, capacity 35452K, committed 35496K, reserved 1079296K
  class space    used 4791K, capacity 5027K, committed 5032K, reserved 1048576K
Event: 23.923 GC heap after
Heap after GC invocations=12 (full 2):
 PSYoungGen      total 161792K, used 0K [0x00000000e0000000, 0x00000000ec880000, 0x0000000100000000)
  eden space 148992K, 0% used [0x00000000e0000000,0x00000000e0000000,0x00000000e9180000)
  from space 12800K, 0% used [0x00000000e9d80000,0x00000000e9d80000,0x00000000eaa00000)
  to   space 12288K, 0% used [0x00000000e9180000,0x00000000e9180000,0x00000000e9d80000)
 ParOldGen       total 51712K, used 15986K [0x00000000a0000000, 0x00000000a3280000, 0x00000000e0000000)
  object space 51712K, 30% used [0x00000000a0000000,0x00000000a0f9ca78,0x00000000a3280000)
 Metaspace       used 34744K, capacity 35422K, committed 35496K, reserved 1079296K
  class space    used 4788K, capacity 5022K, committed 5032K, reserved 1048576K
}
Event: 30.606 GC heap before
{Heap before GC invocations=13 (full 2):
 PSYoungGen      total 161792K, used 148992K [0x00000000e0000000, 0x00000000ec880000, 0x0000000100000000)
  eden space 148992K, 100% used [0x00000000e0000000,0x00000000e9180000,0x00000000e9180000)
  from space 12800K, 0% used [0x00000000e9d80000,0x00000000e9d80000,0x00000000eaa00000)
  to   space 12288K, 0% used [0x00000000e9180000,0x00000000e9180000,0x00000000e9d80000)
 ParOldGen       total 51712K, used 15986K [0x00000000a0000000, 0x00000000a3280000, 0x00000000e0000000)
  object space 51712K, 30% used [0x00000000a0000000,0x00000000a0f9ca78,0x00000000a3280000)
 Metaspace       used 49200K, capacity 50440K, committed 50600K, reserved 1093632K
  class space    used 6649K, capacity 7009K, committed 7080K, reserved 1048576K
Event: 30.634 GC heap after
Heap after GC invocations=13 (full 2):
 PSYoungGen      total 161280K, used 12257K [0x00000000e0000000, 0x00000000ee000000, 0x0000000100000000)
  eden space 148992K, 0% used [0x00000000e0000000,0x00000000e0000000,0x00000000e9180000)
  from space 12288K, 99% used [0x00000000e9180000,0x00000000e9d784f8,0x00000000e9d80000)
  to   space 16384K, 0% used [0x00000000ed000000,0x00000000ed000000,0x00000000ee000000)
 ParOldGen       total 51712K, used 22585K [0x00000000a0000000, 0x00000000a3280000, 0x00000000e0000000)
  object space 51712K, 43% used [0x00000000a0000000,0x00000000a160e478,0x00000000a3280000)
 Metaspace       used 49200K, capacity 50440K, committed 50600K, reserved 1093632K
  class space    used 6649K, capacity 7009K, committed 7080K, reserved 1048576K
}
Event: 34.081 GC heap before
{Heap before GC invocations=14 (full 2):
 PSYoungGen      total 161280K, used 120858K [0x00000000e0000000, 0x00000000ee000000, 0x0000000100000000)
  eden space 148992K, 72% used [0x00000000e0000000,0x00000000e6a0e4d0,0x00000000e9180000)
  from space 12288K, 99% used [0x00000000e9180000,0x00000000e9d784f8,0x00000000e9d80000)
  to   space 16384K, 0% used [0x00000000ed000000,0x00000000ed000000,0x00000000ee000000)
 ParOldGen       total 51712K, used 22585K [0x00000000a0000000, 0x00000000a3280000, 0x00000000e0000000)
  object space 51712K, 43% used [0x00000000a0000000,0x00000000a160e478,0x00000000a3280000)
 Metaspace       used 57495K, capacity 59100K, committed 59160K, reserved 1099776K
  class space    used 7799K, capacity 8219K, committed 8232K, reserved 1048576K
Event: 34.123 GC heap after
Heap after GC invocations=14 (full 2):
 PSYoungGen      total 212480K, used 11727K [0x00000000e0000000, 0x00000000ee200000, 0x0000000100000000)
  eden space 196096K, 0% used [0x00000000e0000000,0x00000000e0000000,0x00000000ebf80000)
  from space 16384K, 71% used [0x00000000ed000000,0x00000000edb73c78,0x00000000ee000000)
  to   space 16896K, 0% used [0x00000000ebf80000,0x00000000ebf80000,0x00000000ed000000)
 ParOldGen       total 51712K, used 31241K [0x00000000a0000000, 0x00000000a3280000, 0x00000000e0000000)
  object space 51712K, 60% used [0x00000000a0000000,0x00000000a1e82698,0x00000000a3280000)
 Metaspace       used 57495K, capacity 59100K, committed 59160K, reserved 1099776K
  class space    used 7799K, capacity 8219K, committed 8232K, reserved 1048576K
}
Event: 34.123 GC heap before
{Heap before GC invocations=15 (full 3):
 PSYoungGen      total 212480K, used 11727K [0x00000000e0000000, 0x00000000ee200000, 0x0000000100000000)
  eden space 196096K, 0% used [0x00000000e0000000,0x00000000e0000000,0x00000000ebf80000)
  from space 16384K, 71% used [0x00000000ed000000,0x00000000edb73c78,0x00000000ee000000)
  to   space 16896K, 0% used [0x00000000ebf80000,0x00000000ebf80000,0x00000000ed000000)
 ParOldGen       total 51712K, used 31241K [0x00000000a0000000, 0x00000000a3280000, 0x00000000e0000000)
  object space 51712K, 60% used [0x00000000a0000000,0x00000000a1e82698,0x00000000a3280000)
 Metaspace       used 57495K, capacity 59100K, committed 59160K, reserved 1099776K
  class space    used 7799K, capacity 8219K, committed 8232K, reserved 1048576K
Event: 34.576 GC heap after
Heap after GC invocations=15 (full 3):
 PSYoungGen      total 212480K, used 0K [0x00000000e0000000, 0x00000000ee200000, 0x0000000100000000)
  eden space 196096K, 0% used [0x00000000e0000000,0x00000000e0000000,0x00000000ebf80000)
  from space 16384K, 0% used [0x00000000ed000000,0x00000000ed000000,0x00000000ee000000)
  to   space 16896K, 0% used [0x00000000ebf80000,0x00000000ebf80000,0x00000000ed000000)
 ParOldGen       total 87040K, used 34900K [0x00000000a0000000, 0x00000000a5500000, 0x00000000e0000000)
  object space 87040K, 40% used [0x00000000a0000000,0x00000000a2215370,0x00000000a5500000)
 Metaspace       used 57495K, capacity 59100K, committed 59160K, reserved 1099776K
  class space    used 7799K, capacity 8219K, committed 8232K, reserved 1048576K
}
Event: 41.347 GC heap before
{Heap before GC invocations=16 (full 3):
 PSYoungGen      total 212480K, used 196096K [0x00000000e0000000, 0x00000000ee200000, 0x0000000100000000)
  eden space 196096K, 100% used [0x00000000e0000000,0x00000000ebf80000,0x00000000ebf80000)
  from space 16384K, 0% used [0x00000000ed000000,0x00000000ed000000,0x00000000ee000000)
  to   space 16896K, 0% used [0x00000000ebf80000,0x00000000ebf80000,0x00000000ed000000)
 ParOldGen       total 87040K, used 34901K [0x00000000a0000000, 0x00000000a5500000, 0x00000000e0000000)
  object space 87040K, 40% used [0x00000000a0000000,0x00000000a2215488,0x00000000a5500000)
 Metaspace       used 61357K, capacity 63400K, committed 63640K, reserved 1103872K
  class space    used 8305K, capacity 8775K, committed 8872K, reserved 1048576K
Event: 41.390 GC heap after
Heap after GC invocations=16 (full 3):
 PSYoungGen      total 212992K, used 16038K [0x00000000e0000000, 0x00000000f0a00000, 0x0000000100000000)
  eden space 196096K, 0% used [0x00000000e0000000,0x00000000e0000000,0x00000000ebf80000)
  from space 16896K, 94% used [0x00000000ebf80000,0x00000000ecf29bb0,0x00000000ed000000)
  to   space 19456K, 0% used [0x00000000ef700000,0x00000000ef700000,0x00000000f0a00000)
 ParOldGen       total 87040K, used 34909K [0x00000000a0000000, 0x00000000a5500000, 0x00000000e0000000)
  object space 87040K, 40% used [0x00000000a0000000,0x00000000a2217488,0x00000000a5500000)
 Metaspace       used 61357K, capacity 63400K, committed 63640K, reserved 1103872K
  class space    used 8305K, capacity 8775K, committed 8872K, reserved 1048576K
}

